<?xml version="1.0" encoding="UTF-8"?>
<!-- Generated by org.testng.reporters.JUnitReportReporter -->
<testsuite skipped="0" hostname="INCHXL214A6DC82" name="testcases.EAapp_Homepage" tests="1" failures="0" timestamp="08 Jul 2021 15:46:26 GMT" time="28.503" errors="0">
  <testcase name="homepage" time="28.503" classname="testcases.EAapp_Homepage"/>
</testsuite> <!-- testcases.EAapp_Homepage -->
