<?xml version="1.0" encoding="UTF-8"?>
<!-- Generated by org.testng.reporters.JUnitReportReporter -->
<testsuite skipped="0" hostname="INCHXL214A6DC82" name="testrunner.Runner" tests="1" failures="0" timestamp="27 Jul 2021 13:46:46 GMT" time="74.606" errors="0">
  <testcase name="feature" time="74.606" classname="testrunner.Runner"/>
</testsuite> <!-- testrunner.Runner -->
